<?xml version="1.0" encoding="UTF-8"?>
<!-- Generated by org.testng.reporters.JUnitXMLReporter -->
<testsuite hostname="Vishnus-MacBook-Pro.local" ignored="0" name="Regression 1" tests="3" failures="0" timestamp="06 Mar 2019 13:44:32 GMT" time="17.866" errors="0">
  <testcase name="runScenario" time="17.594" classname="cucumber.api.testng.AbstractTestNGCucumberTests"/>
  <testcase name="runScenario" time="0.004" classname="cucumber.api.testng.AbstractTestNGCucumberTests"/>
  <testcase name="runScenario" time="0.002" classname="cucumber.api.testng.AbstractTestNGCucumberTests"/>
</testsuite> <!-- Regression 1 -->
