<?xml version="1.0" encoding="UTF-8"?>
<testng-results skipped="0" failed="0" ignored="0" total="3" passed="3">
  <reporter-output>
  </reporter-output>
  <suite name="Parallel test suite" duration-ms="17866" started-at="2019-03-06T13:44:14Z" finished-at="2019-03-06T13:44:32Z">
    <groups>
      <group name="cucumber">
        <method signature="AbstractTestNGCucumberTests.runScenario(cucumber.api.testng.PickleEventWrapper, cucumber.api.testng.CucumberFeatureWrapper)[pri:0, instance:AppTest.com.vishnu.app.TestRunner@67b92f0a]" name="runScenario" class="cucumber.api.testng.AbstractTestNGCucumberTests"/>
      </group> <!-- cucumber -->
    </groups>
    <test name="Regression 1" duration-ms="17866" started-at="2019-03-06T13:44:14Z" finished-at="2019-03-06T13:44:32Z">
      <class name="AppTest.com.vishnu.app.TestRunner">
        <test-method status="PASS" signature="setUpClass()[pri:0, instance:AppTest.com.vishnu.app.TestRunner@67b92f0a]" name="setUpClass" is-config="true" duration-ms="140" started-at="2019-03-06T13:44:14Z" finished-at="2019-03-06T13:44:14Z">
          <reporter-output>
          </reporter-output>
        </test-method> <!-- setUpClass -->
        <test-method status="PASS" signature="runScenario(cucumber.api.testng.PickleEventWrapper, cucumber.api.testng.CucumberFeatureWrapper)[pri:0, instance:AppTest.com.vishnu.app.TestRunner@67b92f0a]" name="runScenario" duration-ms="17594" started-at="2019-03-06T13:44:15Z" description="Runs Cucumber Scenarios" data-provider="scenarios" finished-at="2019-03-06T13:44:32Z">
          <params>
            <param index="0">
              <value>
                <![CDATA["Title of your scenario"]]>
              </value>
            </param>
            <param index="1">
              <value>
                <![CDATA["Title of your feature"]]>
              </value>
            </param>
          </params>
          <reporter-output>
          </reporter-output>
        </test-method> <!-- runScenario -->
        <test-method status="PASS" signature="runScenario(cucumber.api.testng.PickleEventWrapper, cucumber.api.testng.CucumberFeatureWrapper)[pri:0, instance:AppTest.com.vishnu.app.TestRunner@67b92f0a]" name="runScenario" duration-ms="4" started-at="2019-03-06T13:44:32Z" description="Runs Cucumber Scenarios" data-provider="scenarios" finished-at="2019-03-06T13:44:32Z">
          <params>
            <param index="0">
              <value>
                <![CDATA["Title of your scenario outline"]]>
              </value>
            </param>
            <param index="1">
              <value>
                <![CDATA["Title of your feature"]]>
              </value>
            </param>
          </params>
          <reporter-output>
          </reporter-output>
        </test-method> <!-- runScenario -->
        <test-method status="PASS" signature="runScenario(cucumber.api.testng.PickleEventWrapper, cucumber.api.testng.CucumberFeatureWrapper)[pri:0, instance:AppTest.com.vishnu.app.TestRunner@67b92f0a]" name="runScenario" duration-ms="2" started-at="2019-03-06T13:44:32Z" description="Runs Cucumber Scenarios" data-provider="scenarios" finished-at="2019-03-06T13:44:32Z">
          <params>
            <param index="0">
              <value>
                <![CDATA["Title of your scenario outline"]]>
              </value>
            </param>
            <param index="1">
              <value>
                <![CDATA["Title of your feature"]]>
              </value>
            </param>
          </params>
          <reporter-output>
          </reporter-output>
        </test-method> <!-- runScenario -->
        <test-method status="PASS" signature="tearDownClass()[pri:0, instance:AppTest.com.vishnu.app.TestRunner@67b92f0a]" name="tearDownClass" is-config="true" duration-ms="69" started-at="2019-03-06T13:44:32Z" finished-at="2019-03-06T13:44:32Z">
          <reporter-output>
          </reporter-output>
        </test-method> <!-- tearDownClass -->
      </class> <!-- AppTest.com.vishnu.app.TestRunner -->
    </test> <!-- Regression 1 -->
  </suite> <!-- Parallel test suite -->
</testng-results>
